<?xml version="1.0" encoding="UTF-8"?>
<testng-results ignored="0" total="1" passed="1" failed="0" skipped="0">
  <reporter-output>
  </reporter-output>
  <suite started-at="2023-07-05T18:05:36 EDT" name="Surefire suite" finished-at="2023-07-05T18:05:52 EDT" duration-ms="15472">
    <groups>
    </groups>
    <test started-at="2023-07-05T18:05:36 EDT" name="Surefire test" finished-at="2023-07-05T18:05:52 EDT" duration-ms="15472">
      <class name="tests.Ios.IOSBasicTest">
        <test-method is-config="true" signature="ConfigureAppium()[pri:0, instance:tests.Ios.IOSBasicTest@75db5df9]" started-at="2023-07-05T18:05:37 EDT" name="ConfigureAppium" finished-at="2023-07-05T18:05:42 EDT" duration-ms="5882" status="PASS">
          <reporter-output>
          </reporter-output>
        </test-method> <!-- ConfigureAppium -->
        <test-method signature="BasicTest()[pri:0, instance:tests.Ios.IOSBasicTest@75db5df9]" started-at="2023-07-05T18:05:42 EDT" name="BasicTest" finished-at="2023-07-05T18:05:51 EDT" duration-ms="8362" status="PASS">
          <reporter-output>
          </reporter-output>
        </test-method> <!-- BasicTest -->
        <test-method is-config="true" signature="TearDown()[pri:0, instance:tests.Ios.IOSBasicTest@75db5df9]" started-at="2023-07-05T18:05:51 EDT" name="TearDown" finished-at="2023-07-05T18:05:52 EDT" duration-ms="1091" status="PASS">
          <reporter-output>
          </reporter-output>
        </test-method> <!-- TearDown -->
      </class> <!-- tests.Ios.IOSBasicTest -->
    </test> <!-- Surefire test -->
  </suite> <!-- Surefire suite -->
</testng-results>
